c:\yadnesh\code repo\raytracer\raytracer\x64\release\vc142.pdb
c:\yadnesh\code repo\raytracer\raytracer\x64\release\vec3.obj
c:\yadnesh\code repo\raytracer\raytracer\x64\release\spherehitcheck.obj
c:\yadnesh\code repo\raytracer\raytracer\x64\release\source.obj
c:\yadnesh\code repo\raytracer\raytracer\x64\release\ray.obj
c:\yadnesh\code repo\raytracer\raytracer\x64\release\hitable_list.obj
c:\yadnesh\code repo\raytracer\raytracer\x64\release\hitable.obj
c:\yadnesh\code repo\raytracer\raytracer\x64\release\camera.obj
c:\yadnesh\code repo\raytracer\x64\release\raytracer.exe
c:\yadnesh\code repo\raytracer\x64\release\raytracer.pdb
c:\yadnesh\code repo\raytracer\x64\release\raytracer.ipdb
c:\yadnesh\code repo\raytracer\x64\release\raytracer.iobj
c:\code repo\01-computer graphics\03 - raytracer\raytracer\x64\release\camera.obj
c:\code repo\01-computer graphics\03 - raytracer\raytracer\x64\release\hitable.obj
c:\code repo\01-computer graphics\03 - raytracer\raytracer\x64\release\hitable_list.obj
c:\code repo\01-computer graphics\03 - raytracer\raytracer\x64\release\ray.obj
c:\code repo\01-computer graphics\03 - raytracer\raytracer\x64\release\source.obj
c:\code repo\01-computer graphics\03 - raytracer\raytracer\x64\release\spherehitcheck.obj
c:\code repo\01-computer graphics\03 - raytracer\raytracer\x64\release\vec3.obj
c:\code repo\01-computer graphics\03 - raytracer\raytracer\x64\release\vc142.pdb
c:\code repo\01-computer graphics\03 - raytracer\x64\release\raytracer.pdb
c:\code repo\01-computer graphics\03 - raytracer\x64\release\raytracer.exe
c:\code repo\01-computer graphics\03 - raytracer\raytracer\x64\release\raytracer.tlog\cl.command.1.tlog
c:\code repo\01-computer graphics\03 - raytracer\raytracer\x64\release\raytracer.tlog\cl.read.1.tlog
c:\code repo\01-computer graphics\03 - raytracer\raytracer\x64\release\raytracer.tlog\cl.write.1.tlog
c:\code repo\01-computer graphics\03 - raytracer\raytracer\x64\release\raytracer.tlog\link.command.1.tlog
c:\code repo\01-computer graphics\03 - raytracer\raytracer\x64\release\raytracer.tlog\link.read.1.tlog
c:\code repo\01-computer graphics\03 - raytracer\raytracer\x64\release\raytracer.tlog\link.write.1.tlog
c:\code repo\01-computer graphics\03 - raytracer\raytracer\x64\release\raytracer.tlog\raytracer.write.1u.tlog
