c:\users\yadnesh\source\repos\datastructures\linkedlists\x64\debug\vc142.pdb
c:\users\yadnesh\source\repos\datastructures\linkedlists\x64\debug\vc142.idb
c:\users\yadnesh\source\repos\datastructures\linkedlists\x64\debug\node.obj
c:\users\yadnesh\source\repos\datastructures\linkedlists\x64\debug\main.obj
c:\users\yadnesh\source\repos\datastructures\linkedlists\x64\debug\linkedlist.obj
c:\users\yadnesh\source\repos\datastructures\x64\debug\linkedlists.exe
c:\users\yadnesh\source\repos\datastructures\x64\debug\linkedlists.ilk
c:\users\yadnesh\source\repos\datastructures\x64\debug\linkedlists.pdb
c:\code repo\02-data structures and algorithms\01 - c++\datastructures\linkedlists\x64\debug\linkedlist.obj
c:\code repo\02-data structures and algorithms\01 - c++\datastructures\linkedlists\x64\debug\main.obj
c:\code repo\02-data structures and algorithms\01 - c++\datastructures\linkedlists\x64\debug\node.obj
c:\code repo\02-data structures and algorithms\01 - c++\datastructures\linkedlists\x64\debug\vc142.idb
c:\code repo\02-data structures and algorithms\01 - c++\datastructures\linkedlists\x64\debug\vc142.pdb
c:\code repo\02-data structures and algorithms\01 - c++\datastructures\x64\debug\linkedlists.pdb
c:\code repo\02-data structures and algorithms\01 - c++\datastructures\x64\debug\linkedlists.exe
c:\code repo\02-data structures and algorithms\01 - c++\datastructures\x64\debug\linkedlists.ilk
c:\code repo\02-data structures and algorithms\01 - c++\datastructures\linkedlists\x64\debug\linkedlists.tlog\cl.command.1.tlog
c:\code repo\02-data structures and algorithms\01 - c++\datastructures\linkedlists\x64\debug\linkedlists.tlog\cl.read.1.tlog
c:\code repo\02-data structures and algorithms\01 - c++\datastructures\linkedlists\x64\debug\linkedlists.tlog\cl.write.1.tlog
c:\code repo\02-data structures and algorithms\01 - c++\datastructures\linkedlists\x64\debug\linkedlists.tlog\link.command.1.tlog
c:\code repo\02-data structures and algorithms\01 - c++\datastructures\linkedlists\x64\debug\linkedlists.tlog\link.read.1.tlog
c:\code repo\02-data structures and algorithms\01 - c++\datastructures\linkedlists\x64\debug\linkedlists.tlog\link.write.1.tlog
