c:\yadnesh\code repo\sortingalgorithms\sortingalgorithms\debug\vc142.pdb
c:\yadnesh\code repo\sortingalgorithms\sortingalgorithms\debug\vc142.idb
c:\yadnesh\code repo\sortingalgorithms\sortingalgorithms\debug\sortbase.obj
c:\yadnesh\code repo\sortingalgorithms\sortingalgorithms\debug\selectionsort.obj
c:\yadnesh\code repo\sortingalgorithms\sortingalgorithms\debug\source.obj
c:\yadnesh\code repo\sortingalgorithms\debug\sortingalgorithms.ilk
c:\yadnesh\code repo\sortingalgorithms\debug\sortingalgorithms.exe
c:\yadnesh\code repo\sortingalgorithms\debug\sortingalgorithms.pdb
c:\code repo\02-data structures and algorithms\01 - c++\sortingalgorithms\sortingalgorithms\debug\selectionsort.obj
c:\code repo\02-data structures and algorithms\01 - c++\sortingalgorithms\sortingalgorithms\debug\sortbase.obj
c:\code repo\02-data structures and algorithms\01 - c++\sortingalgorithms\sortingalgorithms\debug\source.obj
c:\code repo\02-data structures and algorithms\01 - c++\sortingalgorithms\sortingalgorithms\debug\vc142.idb
c:\code repo\02-data structures and algorithms\01 - c++\sortingalgorithms\sortingalgorithms\debug\vc142.pdb
c:\code repo\02-data structures and algorithms\01 - c++\sortingalgorithms\debug\sortingalgorithms.pdb
c:\code repo\02-data structures and algorithms\01 - c++\sortingalgorithms\debug\sortingalgorithms.ilk
c:\code repo\02-data structures and algorithms\01 - c++\sortingalgorithms\sortingalgorithms\debug\sortinga.f0240349.tlog\cl.command.1.tlog
c:\code repo\02-data structures and algorithms\01 - c++\sortingalgorithms\sortingalgorithms\debug\sortinga.f0240349.tlog\cl.read.1.tlog
c:\code repo\02-data structures and algorithms\01 - c++\sortingalgorithms\sortingalgorithms\debug\sortinga.f0240349.tlog\cl.write.1.tlog
c:\code repo\02-data structures and algorithms\01 - c++\sortingalgorithms\sortingalgorithms\debug\sortinga.f0240349.tlog\link.command.1.tlog
c:\code repo\02-data structures and algorithms\01 - c++\sortingalgorithms\sortingalgorithms\debug\sortinga.f0240349.tlog\link.read.1.tlog
c:\code repo\02-data structures and algorithms\01 - c++\sortingalgorithms\sortingalgorithms\debug\sortinga.f0240349.tlog\link.write.1.tlog
