c:\users\yadnesh\source\repos\datastructures\linkedlists\x64\release\vc142.pdb
c:\users\yadnesh\source\repos\datastructures\linkedlists\x64\release\node.obj
c:\users\yadnesh\source\repos\datastructures\linkedlists\x64\release\main.obj
c:\users\yadnesh\source\repos\datastructures\linkedlists\x64\release\linkedlist.obj
c:\users\yadnesh\source\repos\datastructures\x64\release\linkedlists.exe
c:\users\yadnesh\source\repos\datastructures\x64\release\linkedlists.pdb
c:\users\yadnesh\source\repos\datastructures\x64\release\linkedlists.ipdb
c:\users\yadnesh\source\repos\datastructures\x64\release\linkedlists.iobj
c:\code repo\02-data structures and algorithms\01 - c++\datastructures\linkedlists\x64\release\linkedlist.obj
c:\code repo\02-data structures and algorithms\01 - c++\datastructures\linkedlists\x64\release\main.obj
c:\code repo\02-data structures and algorithms\01 - c++\datastructures\linkedlists\x64\release\node.obj
c:\code repo\02-data structures and algorithms\01 - c++\datastructures\linkedlists\x64\release\vc142.pdb
c:\code repo\02-data structures and algorithms\01 - c++\datastructures\x64\release\linkedlists.pdb
c:\code repo\02-data structures and algorithms\01 - c++\datastructures\x64\release\linkedlists.exe
c:\code repo\02-data structures and algorithms\01 - c++\datastructures\linkedlists\x64\release\linkedlists.tlog\cl.command.1.tlog
c:\code repo\02-data structures and algorithms\01 - c++\datastructures\linkedlists\x64\release\linkedlists.tlog\cl.read.1.tlog
c:\code repo\02-data structures and algorithms\01 - c++\datastructures\linkedlists\x64\release\linkedlists.tlog\cl.write.1.tlog
c:\code repo\02-data structures and algorithms\01 - c++\datastructures\linkedlists\x64\release\linkedlists.tlog\link.command.1.tlog
c:\code repo\02-data structures and algorithms\01 - c++\datastructures\linkedlists\x64\release\linkedlists.tlog\link.read.1.tlog
c:\code repo\02-data structures and algorithms\01 - c++\datastructures\linkedlists\x64\release\linkedlists.tlog\link.write.1.tlog
c:\code repo\02-data structures and algorithms\01 - c++\datastructures\linkedlists\x64\release\linkedlists.tlog\linkedlists.write.1u.tlog
