c:\yadnesh\code repo\raytracer\raytracer\x64\debug\vc142.pdb
c:\yadnesh\code repo\raytracer\raytracer\x64\debug\vc142.idb
c:\yadnesh\code repo\raytracer\raytracer\x64\debug\vec3.obj
c:\yadnesh\code repo\raytracer\raytracer\x64\debug\spherehitcheck.obj
c:\yadnesh\code repo\raytracer\raytracer\x64\debug\ray.obj
c:\yadnesh\code repo\raytracer\raytracer\x64\debug\hitable_list.obj
c:\yadnesh\code repo\raytracer\raytracer\x64\debug\hitable.obj
c:\yadnesh\code repo\raytracer\raytracer\x64\debug\camera.obj
c:\yadnesh\code repo\raytracer\raytracer\x64\debug\source.obj
c:\yadnesh\code repo\raytracer\x64\debug\raytracer.exe
c:\yadnesh\code repo\raytracer\x64\debug\raytracer.ilk
c:\yadnesh\code repo\raytracer\x64\debug\raytracer.pdb
c:\code repo\01-computer graphics\03 - raytracer\raytracer\x64\debug\camera.obj
c:\code repo\01-computer graphics\03 - raytracer\raytracer\x64\debug\hitable.obj
c:\code repo\01-computer graphics\03 - raytracer\raytracer\x64\debug\hitable_list.obj
c:\code repo\01-computer graphics\03 - raytracer\raytracer\x64\debug\ray.obj
c:\code repo\01-computer graphics\03 - raytracer\raytracer\x64\debug\source.obj
c:\code repo\01-computer graphics\03 - raytracer\raytracer\x64\debug\spherehitcheck.obj
c:\code repo\01-computer graphics\03 - raytracer\raytracer\x64\debug\vec3.obj
c:\code repo\01-computer graphics\03 - raytracer\raytracer\x64\debug\vc142.idb
c:\code repo\01-computer graphics\03 - raytracer\raytracer\x64\debug\vc142.pdb
c:\code repo\01-computer graphics\03 - raytracer\x64\debug\raytracer.pdb
c:\code repo\01-computer graphics\03 - raytracer\x64\debug\raytracer.exe
c:\code repo\01-computer graphics\03 - raytracer\x64\debug\raytracer.ilk
c:\code repo\01-computer graphics\03 - raytracer\raytracer\x64\debug\raytracer.tlog\cl.command.1.tlog
c:\code repo\01-computer graphics\03 - raytracer\raytracer\x64\debug\raytracer.tlog\cl.read.1.tlog
c:\code repo\01-computer graphics\03 - raytracer\raytracer\x64\debug\raytracer.tlog\cl.write.1.tlog
c:\code repo\01-computer graphics\03 - raytracer\raytracer\x64\debug\raytracer.tlog\link.command.1.tlog
c:\code repo\01-computer graphics\03 - raytracer\raytracer\x64\debug\raytracer.tlog\link.read.1.tlog
c:\code repo\01-computer graphics\03 - raytracer\raytracer\x64\debug\raytracer.tlog\link.write.1.tlog
