c:\yadnesh\code repo\directx12\03-d3d12hellotriangle\d3d12hellowindow\x64\release\vc142.pdb
c:\yadnesh\code repo\directx12\03-d3d12hellotriangle\d3d12hellowindow\x64\release\main.obj
c:\yadnesh\code repo\directx12\03-d3d12hellotriangle\d3d12hellowindow\x64\release\graphicsbase.obj
c:\yadnesh\code repo\directx12\03-d3d12hellotriangle\d3d12hellowindow\x64\release\d3d12helloworld.obj
c:\yadnesh\code repo\directx12\03-d3d12hellotriangle\d3d12hellowindow\x64\release\basewindowclass.obj
c:\yadnesh\code repo\directx12\03-d3d12hellotriangle\x64\release\d3d12hellowindow.ipdb
c:\yadnesh\code repo\directx12\03-d3d12hellotriangle\x64\release\d3d12hellowindow.iobj
c:\yadnesh\code repo\directx12\03-d3d12hellotriangle\x64\release\pixelshader.cso
c:\yadnesh\code repo\directx12\03-d3d12hellotriangle\x64\release\vertexshader.cso
c:\yadnesh\code repo\directx12\03-d3d12hellotriangle\x64\release\d3d12hellowindow.exe
c:\yadnesh\code repo\directx12\03-d3d12hellotriangle\x64\release\d3d12hellowindow.pdb
c:\code repo\01-computer graphics\01 - directx\directx12\03-d3d12hellotriangle\d3d12hellowindow\x64\release\basewindowclass.obj
c:\code repo\01-computer graphics\01 - directx\directx12\03-d3d12hellotriangle\d3d12hellowindow\x64\release\d3d12helloworld.obj
c:\code repo\01-computer graphics\01 - directx\directx12\03-d3d12hellotriangle\d3d12hellowindow\x64\release\graphicsbase.obj
c:\code repo\01-computer graphics\01 - directx\directx12\03-d3d12hellotriangle\d3d12hellowindow\x64\release\main.obj
c:\code repo\01-computer graphics\01 - directx\directx12\03-d3d12hellotriangle\d3d12hellowindow\x64\release\vc142.pdb
c:\code repo\01-computer graphics\01 - directx\directx12\03-d3d12hellotriangle\x64\release\d3d12hellowindow.pdb
c:\code repo\01-computer graphics\01 - directx\directx12\03-d3d12hellotriangle\x64\release\d3d12hellowindow.exe
c:\code repo\01-computer graphics\01 - directx\directx12\03-d3d12hellotriangle\d3d12hellowindow\x64\release\d3d12hellowindow.tlog\cl.command.1.tlog
c:\code repo\01-computer graphics\01 - directx\directx12\03-d3d12hellotriangle\d3d12hellowindow\x64\release\d3d12hellowindow.tlog\cl.read.1.tlog
c:\code repo\01-computer graphics\01 - directx\directx12\03-d3d12hellotriangle\d3d12hellowindow\x64\release\d3d12hellowindow.tlog\cl.write.1.tlog
c:\code repo\01-computer graphics\01 - directx\directx12\03-d3d12hellotriangle\d3d12hellowindow\x64\release\d3d12hellowindow.tlog\d3d12hellowindow.write.1u.tlog
c:\code repo\01-computer graphics\01 - directx\directx12\03-d3d12hellotriangle\d3d12hellowindow\x64\release\d3d12hellowindow.tlog\fxc.command.1.tlog
c:\code repo\01-computer graphics\01 - directx\directx12\03-d3d12hellotriangle\d3d12hellowindow\x64\release\d3d12hellowindow.tlog\fxc.read.1.tlog
c:\code repo\01-computer graphics\01 - directx\directx12\03-d3d12hellotriangle\d3d12hellowindow\x64\release\d3d12hellowindow.tlog\fxc.write.1.tlog
c:\code repo\01-computer graphics\01 - directx\directx12\03-d3d12hellotriangle\d3d12hellowindow\x64\release\d3d12hellowindow.tlog\link.command.1.tlog
c:\code repo\01-computer graphics\01 - directx\directx12\03-d3d12hellotriangle\d3d12hellowindow\x64\release\d3d12hellowindow.tlog\link.read.1.tlog
c:\code repo\01-computer graphics\01 - directx\directx12\03-d3d12hellotriangle\d3d12hellowindow\x64\release\d3d12hellowindow.tlog\link.write.1.tlog
