c:\users\yadnesh\source\repos\datastructures\stack\x64\debug\vc142.pdb
c:\users\yadnesh\source\repos\datastructures\stack\x64\debug\vc142.idb
c:\users\yadnesh\source\repos\datastructures\stack\x64\debug\stackitem.obj
c:\users\yadnesh\source\repos\datastructures\stack\x64\debug\stack.obj
c:\users\yadnesh\source\repos\datastructures\stack\x64\debug\main.obj
c:\users\yadnesh\source\repos\datastructures\x64\debug\stack.ilk
c:\users\yadnesh\source\repos\datastructures\x64\debug\stack.exe
c:\users\yadnesh\source\repos\datastructures\x64\debug\stack.pdb
c:\code repo\02-data structures and algorithms\01 - c++\datastructures\stack\x64\debug\main.obj
c:\code repo\02-data structures and algorithms\01 - c++\datastructures\stack\x64\debug\stack.obj
c:\code repo\02-data structures and algorithms\01 - c++\datastructures\stack\x64\debug\stackitem.obj
c:\code repo\02-data structures and algorithms\01 - c++\datastructures\stack\x64\debug\vc142.idb
c:\code repo\02-data structures and algorithms\01 - c++\datastructures\stack\x64\debug\vc142.pdb
c:\code repo\02-data structures and algorithms\01 - c++\datastructures\x64\debug\stack.pdb
c:\code repo\02-data structures and algorithms\01 - c++\datastructures\x64\debug\stack.exe
c:\code repo\02-data structures and algorithms\01 - c++\datastructures\x64\debug\stack.ilk
c:\code repo\02-data structures and algorithms\01 - c++\datastructures\stack\x64\debug\stack.tlog\cl.command.1.tlog
c:\code repo\02-data structures and algorithms\01 - c++\datastructures\stack\x64\debug\stack.tlog\cl.read.1.tlog
c:\code repo\02-data structures and algorithms\01 - c++\datastructures\stack\x64\debug\stack.tlog\cl.write.1.tlog
c:\code repo\02-data structures and algorithms\01 - c++\datastructures\stack\x64\debug\stack.tlog\link.command.1.tlog
c:\code repo\02-data structures and algorithms\01 - c++\datastructures\stack\x64\debug\stack.tlog\link.read.1.tlog
c:\code repo\02-data structures and algorithms\01 - c++\datastructures\stack\x64\debug\stack.tlog\link.write.1.tlog
