cl : Command line warning D9025: overriding '/sdl-' with '/GS-'
  OGLPP.cpp
d:\prticleenginetry\particleenginetry\particleenginetry\vmath.h(996): warning C4244: 'initializing': conversion from 'double' to 'float', possible loss of data
d:\prticleenginetry\particleenginetry\particleenginetry\perlin.h(42): warning C4244: '=': conversion from 'double' to 'float', possible loss of data
d:\prticleenginetry\particleenginetry\particleenginetry\perlin.h(48): warning C4244: '=': conversion from 'double' to 'float', possible loss of data
d:\prticleenginetry\particleenginetry\particleenginetry\perlin.h(50): warning C4244: '=': conversion from 'double' to 'float', possible loss of data
d:\prticleenginetry\particleenginetry\particleenginetry\perlin.h(69): warning C4244: '=': conversion from 'double' to 'float', possible loss of data
d:\prticleenginetry\particleenginetry\particleenginetry\perlin.h(70): warning C4244: '=': conversion from 'double' to 'float', possible loss of data
d:\prticleenginetry\particleenginetry\particleenginetry\perlin.h(80): warning C4244: '=': conversion from 'double' to 'float', possible loss of data
d:\prticleenginetry\particleenginetry\particleenginetry\perlin.h(81): warning C4244: '=': conversion from 'double' to 'float', possible loss of data
d:\prticleenginetry\particleenginetry\particleenginetry\perlin.h(107): warning C4244: '=': conversion from 'double' to 'float', possible loss of data
d:\prticleenginetry\particleenginetry\particleenginetry\perlin.h(108): warning C4244: '=': conversion from 'double' to 'float', possible loss of data
d:\prticleenginetry\particleenginetry\particleenginetry\perlin.h(109): warning C4244: '=': conversion from 'double' to 'float', possible loss of data
d:\prticleenginetry\particleenginetry\particleenginetry\perlin.h(119): warning C4244: '=': conversion from 'double' to 'float', possible loss of data
d:\prticleenginetry\particleenginetry\particleenginetry\perlin.h(120): warning C4244: '=': conversion from 'double' to 'float', possible loss of data
d:\prticleenginetry\particleenginetry\particleenginetry\perlin.h(121): warning C4244: '=': conversion from 'double' to 'float', possible loss of data
d:\prticleenginetry\particleenginetry\particleenginetry\perlin.h(152): warning C4244: '=': conversion from 'double' to 'float', possible loss of data
d:\prticleenginetry\particleenginetry\particleenginetry\perlin.h(161): warning C4244: '=': conversion from 'double' to 'float', possible loss of data
d:\prticleenginetry\particleenginetry\particleenginetry\oglpp.cpp(936): warning C4244: '+=': conversion from 'double' to 'float', possible loss of data
d:\prticleenginetry\particleenginetry\particleenginetry\oglpp.cpp(939): warning C4244: '+=': conversion from 'double' to 'float', possible loss of data
d:\prticleenginetry\particleenginetry\particleenginetry\oglpp.cpp(942): warning C4244: '+=': conversion from 'double' to 'float', possible loss of data
d:\prticleenginetry\particleenginetry\particleenginetry\oglpp.cpp(961): warning C4305: '+=': truncation from 'double' to 'float'
d:\prticleenginetry\particleenginetry\particleenginetry\oglpp.cpp(1117): warning C4244: '=': conversion from 'double' to 'GLfloat', possible loss of data
d:\prticleenginetry\particleenginetry\particleenginetry\oglpp.cpp(1118): warning C4244: '=': conversion from 'double' to 'GLfloat', possible loss of data
d:\prticleenginetry\particleenginetry\particleenginetry\oglpp.cpp(1128): warning C4244: '=': conversion from 'double' to 'GLfloat', possible loss of data
d:\prticleenginetry\particleenginetry\particleenginetry\oglpp.cpp(1129): warning C4244: '=': conversion from 'double' to 'GLfloat', possible loss of data
d:\prticleenginetry\particleenginetry\particleenginetry\oglpp.cpp(1137): warning C4244: '=': conversion from 'double' to 'GLfloat', possible loss of data
  SOIL.lib(SOIL.obj) : MSIL .netmodule or module compiled with /GL found; restarting link with /LTCG; add /LTCG to the link command line to improve linker performance
LINK : warning LNK4075: ignoring '/INCREMENTAL' due to '/LTCG' specification
MSVCRTD.lib(initializers.obj) : warning LNK4098: defaultlib 'msvcrt.lib' conflicts with use of other libs; use /NODEFAULTLIB:library
  Generating code
  Finished generating code
SOIL.lib(SOIL.obj) : warning LNK4099: PDB 'SOIL.pdb' was not found with 'SOIL.lib(SOIL.obj)' or at 'D:\PrticleEngineTry\ParticleEngineTry\Debug\SOIL.pdb'; linking object as if no debug info
SOIL.lib(image_helper.obj) : warning LNK4099: PDB 'SOIL.pdb' was not found with 'SOIL.lib(image_helper.obj)' or at 'D:\PrticleEngineTry\ParticleEngineTry\Debug\SOIL.pdb'; linking object as if no debug info
SOIL.lib(stb_image_aug.obj) : warning LNK4099: PDB 'SOIL.pdb' was not found with 'SOIL.lib(stb_image_aug.obj)' or at 'D:\PrticleEngineTry\ParticleEngineTry\Debug\SOIL.pdb'; linking object as if no debug info
SOIL.lib(image_DXT.obj) : warning LNK4099: PDB 'SOIL.pdb' was not found with 'SOIL.lib(image_DXT.obj)' or at 'D:\PrticleEngineTry\ParticleEngineTry\Debug\SOIL.pdb'; linking object as if no debug info
  ParticleEngineTry.vcxproj -> D:\PrticleEngineTry\ParticleEngineTry\Debug\ParticleEngineTry.exe
