c:\yadnesh\code repo\directx12\03-d3d12hellotriangle\d3d12hellowindow\x64\debug\vc142.pdb
c:\yadnesh\code repo\directx12\03-d3d12hellotriangle\d3d12hellowindow\x64\debug\vc142.idb
c:\yadnesh\code repo\directx12\03-d3d12hellotriangle\d3d12hellowindow\x64\debug\main.obj
c:\yadnesh\code repo\directx12\03-d3d12hellotriangle\d3d12hellowindow\x64\debug\graphicsbase.obj
c:\yadnesh\code repo\directx12\03-d3d12hellotriangle\d3d12hellowindow\x64\debug\d3d12helloworld.obj
c:\yadnesh\code repo\directx12\03-d3d12hellotriangle\d3d12hellowindow\x64\debug\basewindowclass.obj
c:\yadnesh\code repo\directx12\03-d3d12hellotriangle\x64\debug\vertexshader.cso
c:\yadnesh\code repo\directx12\03-d3d12hellotriangle\x64\debug\pixelshader.cso
c:\yadnesh\code repo\directx12\03-d3d12hellotriangle\x64\debug\d3d12hellowindow.exe
c:\yadnesh\code repo\directx12\03-d3d12hellotriangle\x64\debug\d3d12hellowindow.ilk
c:\yadnesh\code repo\directx12\03-d3d12hellotriangle\x64\debug\d3d12hellowindow.pdb
c:\code repo\01-computer graphics\01 - directx\directx12\04-d3d12hellotexture\d3d12hellowindow\x64\debug\basewindowclass.obj
c:\code repo\01-computer graphics\01 - directx\directx12\04-d3d12hellotexture\d3d12hellowindow\x64\debug\d3d12helloworld.obj
c:\code repo\01-computer graphics\01 - directx\directx12\04-d3d12hellotexture\d3d12hellowindow\x64\debug\graphicsbase.obj
c:\code repo\01-computer graphics\01 - directx\directx12\04-d3d12hellotexture\d3d12hellowindow\x64\debug\main.obj
c:\code repo\01-computer graphics\01 - directx\directx12\04-d3d12hellotexture\d3d12hellowindow\x64\debug\vc142.idb
c:\code repo\01-computer graphics\01 - directx\directx12\04-d3d12hellotexture\d3d12hellowindow\x64\debug\vc142.pdb
c:\code repo\01-computer graphics\01 - directx\directx12\04-d3d12hellotexture\x64\debug\d3d12hellowindow.pdb
c:\code repo\01-computer graphics\01 - directx\directx12\04-d3d12hellotexture\x64\debug\d3d12hellowindow.exe
c:\code repo\01-computer graphics\01 - directx\directx12\04-d3d12hellotexture\x64\debug\d3d12hellowindow.ilk
c:\code repo\01-computer graphics\01 - directx\directx12\04-d3d12hellotexture\d3d12hellowindow\x64\debug\d3d12hellowindow.tlog\cl.command.1.tlog
c:\code repo\01-computer graphics\01 - directx\directx12\04-d3d12hellotexture\d3d12hellowindow\x64\debug\d3d12hellowindow.tlog\cl.read.1.tlog
c:\code repo\01-computer graphics\01 - directx\directx12\04-d3d12hellotexture\d3d12hellowindow\x64\debug\d3d12hellowindow.tlog\cl.write.1.tlog
c:\code repo\01-computer graphics\01 - directx\directx12\04-d3d12hellotexture\d3d12hellowindow\x64\debug\d3d12hellowindow.tlog\fxc.command.1.tlog
c:\code repo\01-computer graphics\01 - directx\directx12\04-d3d12hellotexture\d3d12hellowindow\x64\debug\d3d12hellowindow.tlog\fxc.read.1.tlog
c:\code repo\01-computer graphics\01 - directx\directx12\04-d3d12hellotexture\d3d12hellowindow\x64\debug\d3d12hellowindow.tlog\fxc.write.1.tlog
c:\code repo\01-computer graphics\01 - directx\directx12\04-d3d12hellotexture\d3d12hellowindow\x64\debug\d3d12hellowindow.tlog\link.command.1.tlog
c:\code repo\01-computer graphics\01 - directx\directx12\04-d3d12hellotexture\d3d12hellowindow\x64\debug\d3d12hellowindow.tlog\link.read.1.tlog
c:\code repo\01-computer graphics\01 - directx\directx12\04-d3d12hellotexture\d3d12hellowindow\x64\debug\d3d12hellowindow.tlog\link.write.1.tlog
