c:\users\yadnesh\source\repos\datastructures\binarytree\x64\debug\vc142.pdb
c:\users\yadnesh\source\repos\datastructures\binarytree\x64\debug\vc142.idb
c:\users\yadnesh\source\repos\datastructures\binarytree\x64\debug\treenode.obj
c:\users\yadnesh\source\repos\datastructures\binarytree\x64\debug\tree.obj
c:\users\yadnesh\source\repos\datastructures\binarytree\x64\debug\binarytree.obj
c:\users\yadnesh\source\repos\datastructures\x64\debug\binarytree.exe
c:\users\yadnesh\source\repos\datastructures\x64\debug\binarytree.ilk
c:\users\yadnesh\source\repos\datastructures\x64\debug\binarytree.pdb
c:\code repo\02-data structures and algorithms\01 - c++\datastructures\binarytree\x64\debug\binarytree.obj
c:\code repo\02-data structures and algorithms\01 - c++\datastructures\binarytree\x64\debug\tree.obj
c:\code repo\02-data structures and algorithms\01 - c++\datastructures\binarytree\x64\debug\treenode.obj
c:\code repo\02-data structures and algorithms\01 - c++\datastructures\binarytree\x64\debug\vc142.idb
c:\code repo\02-data structures and algorithms\01 - c++\datastructures\binarytree\x64\debug\vc142.pdb
c:\code repo\02-data structures and algorithms\01 - c++\datastructures\x64\debug\binarytree.pdb
c:\code repo\02-data structures and algorithms\01 - c++\datastructures\x64\debug\binarytree.exe
c:\code repo\02-data structures and algorithms\01 - c++\datastructures\x64\debug\binarytree.ilk
c:\code repo\02-data structures and algorithms\01 - c++\datastructures\binarytree\x64\debug\binarytree.tlog\cl.command.1.tlog
c:\code repo\02-data structures and algorithms\01 - c++\datastructures\binarytree\x64\debug\binarytree.tlog\cl.read.1.tlog
c:\code repo\02-data structures and algorithms\01 - c++\datastructures\binarytree\x64\debug\binarytree.tlog\cl.write.1.tlog
c:\code repo\02-data structures and algorithms\01 - c++\datastructures\binarytree\x64\debug\binarytree.tlog\link.command.1.tlog
c:\code repo\02-data structures and algorithms\01 - c++\datastructures\binarytree\x64\debug\binarytree.tlog\link.read.1.tlog
c:\code repo\02-data structures and algorithms\01 - c++\datastructures\binarytree\x64\debug\binarytree.tlog\link.write.1.tlog
